[20-Mar-2025 05:15:21 UTC] PHP Warning:  mysqli::__construct(): (HY000/1045): Access denied for user 'u991936209_01'@'2a02:4780:11:1234::e6' (using password: YES) in /home/u991936209/domains/concertcircle.com/public_html/api/get_count.php on line 11
[20-Mar-2025 05:15:29 UTC] PHP Warning:  mysqli::__construct(): (HY000/1045): Access denied for user 'u991936209_01'@'2a02:4780:11:1234::e6' (using password: YES) in /home/u991936209/domains/concertcircle.com/public_html/api/register_email.php on line 33
[20-Mar-2025 05:19:12 UTC] PHP Warning:  mysqli::__construct(): (HY000/1045): Access denied for user 'u991936209_01'@'193.203.184.230' (using password: YES) in /home/u991936209/domains/concertcircle.com/public_html/api/get_count.php on line 11
[20-Mar-2025 05:19:20 UTC] PHP Warning:  mysqli::__construct(): (HY000/1045): Access denied for user 'u991936209_01'@'193.203.184.230' (using password: YES) in /home/u991936209/domains/concertcircle.com/public_html/api/register_email.php on line 33
[20-Mar-2025 05:19:27 UTC] PHP Warning:  mysqli::__construct(): (HY000/1045): Access denied for user 'u991936209_01'@'193.203.184.230' (using password: YES) in /home/u991936209/domains/concertcircle.com/public_html/api/get_count.php on line 11
[20-Mar-2025 05:24:16 UTC] PHP Warning:  mysqli::__construct(): (HY000/1045): Access denied for user 'u991936209_first'@'193.203.184.230' (using password: YES) in /home/u991936209/domains/concertcircle.com/public_html/api/get_count.php on line 11
[20-Mar-2025 05:24:21 UTC] PHP Warning:  mysqli::__construct(): (HY000/1045): Access denied for user 'u991936209_first'@'193.203.184.230' (using password: YES) in /home/u991936209/domains/concertcircle.com/public_html/api/register_email.php on line 33
[20-Mar-2025 05:24:58 UTC] PHP Fatal error:  Uncaught Error: Call to a member function fetch_assoc() on bool in /home/u991936209/domains/concertcircle.com/public_html/api/get_count.php:21
Stack trace:
#0 {main}
  thrown in /home/u991936209/domains/concertcircle.com/public_html/api/get_count.php on line 21
[20-Mar-2025 05:25:03 UTC] PHP Fatal error:  Uncaught Error: Call to a member function bind_param() on bool in /home/u991936209/domains/concertcircle.com/public_html/api/register_email.php:44
Stack trace:
#0 {main}
  thrown in /home/u991936209/domains/concertcircle.com/public_html/api/register_email.php on line 44
[20-Mar-2025 05:25:04 UTC] PHP Fatal error:  Uncaught Error: Call to a member function bind_param() on bool in /home/u991936209/domains/concertcircle.com/public_html/api/register_email.php:44
Stack trace:
#0 {main}
  thrown in /home/u991936209/domains/concertcircle.com/public_html/api/register_email.php on line 44
[20-Mar-2025 05:26:14 UTC] PHP Fatal error:  Uncaught Error: Call to a member function bind_param() on bool in /home/u991936209/domains/concertcircle.com/public_html/api/register_email.php:44
Stack trace:
#0 {main}
  thrown in /home/u991936209/domains/concertcircle.com/public_html/api/register_email.php on line 44
[20-Mar-2025 05:26:18 UTC] PHP Fatal error:  Uncaught Error: Call to a member function bind_param() on bool in /home/u991936209/domains/concertcircle.com/public_html/api/register_email.php:44
Stack trace:
#0 {main}
  thrown in /home/u991936209/domains/concertcircle.com/public_html/api/register_email.php on line 44
[20-Mar-2025 05:31:22 UTC] PHP Fatal error:  Uncaught Error: Call to a member function fetch_assoc() on bool in /home/u991936209/domains/concertcircle.com/public_html/api/get_count.php:21
Stack trace:
#0 {main}
  thrown in /home/u991936209/domains/concertcircle.com/public_html/api/get_count.php on line 21
[20-Mar-2025 05:31:27 UTC] PHP Fatal error:  Uncaught Error: Call to a member function bind_param() on bool in /home/u991936209/domains/concertcircle.com/public_html/api/register_email.php:44
Stack trace:
#0 {main}
  thrown in /home/u991936209/domains/concertcircle.com/public_html/api/register_email.php on line 44
[20-Mar-2025 05:31:45 UTC] PHP Warning:  mysqli::__construct(): (HY000/1045): Access denied for user 'u991936209_first'@'193.203.184.230' (using password: YES) in /home/u991936209/domains/concertcircle.com/public_html/api/get_count.php on line 11
[20-Mar-2025 05:31:51 UTC] PHP Warning:  mysqli::__construct(): (HY000/1045): Access denied for user 'u991936209_first'@'193.203.184.230' (using password: YES) in /home/u991936209/domains/concertcircle.com/public_html/api/register_email.php on line 33
[20-Mar-2025 05:32:51 UTC] PHP Fatal error:  Uncaught Error: Call to a member function fetch_assoc() on bool in /home/u991936209/domains/concertcircle.com/public_html/api/get_count.php:21
Stack trace:
#0 {main}
  thrown in /home/u991936209/domains/concertcircle.com/public_html/api/get_count.php on line 21
[20-Mar-2025 05:32:52 UTC] PHP Fatal error:  Uncaught Error: Call to a member function fetch_assoc() on bool in /home/u991936209/domains/concertcircle.com/public_html/api/get_count.php:21
Stack trace:
#0 {main}
  thrown in /home/u991936209/domains/concertcircle.com/public_html/api/get_count.php on line 21
[20-Mar-2025 05:32:56 UTC] PHP Fatal error:  Uncaught Error: Call to a member function bind_param() on bool in /home/u991936209/domains/concertcircle.com/public_html/api/register_email.php:44
Stack trace:
#0 {main}
  thrown in /home/u991936209/domains/concertcircle.com/public_html/api/register_email.php on line 44
